<?xml version="1.0" encoding="UTF-8"?>
<!-- Generated by org.testng.reporters.JUnitReportReporter -->
<testsuite skipped="4" hostname="DESKTOP-13SH4JS" name="com.comcastSDETTest.CreateOrganizationTest" tests="6" failures="0" timestamp="2021-12-06T15:32:17 IST" time="-3277569792.000" errors="2">
  <testcase name="bClassMethod" time="-1638784896.000" classname="com.comcastSDETTest.CreateOrganizationTest">
    <error type="org.testng.TestNGException" message="
Parameter &#039;BROWSER&#039; is required by BeforeClass on method bClassMethod but has not been marked @Optional or defined
in C:\Users\lenovo\Testyantra-workspace\com.crmSDET\Parallel.xml">
      <![CDATA[org.testng.TestNGException: 
Parameter 'BROWSER' is required by BeforeClass on method bClassMethod but has not been marked @Optional or defined
in C:\Users\lenovo\Testyantra-workspace\com.crmSDET\Parallel.xml
at org.testng.internal.Parameters.createParams(Parameters.java:270)
at org.testng.internal.Parameters.createParametersForMethod(Parameters.java:358)
at org.testng.internal.Parameters.createParameters(Parameters.java:700)
at org.testng.internal.Parameters.createConfigurationParameters(Parameters.java:168)
at org.testng.internal.ConfigInvoker.invokeConfigurations(ConfigInvoker.java:302)
at org.testng.internal.TestMethodWorker.invokeBeforeClassMethods(TestMethodWorker.java:176)
at org.testng.internal.TestMethodWorker.run(TestMethodWorker.java:122)
at java.util.ArrayList.forEach(ArrayList.java:1259)
at org.testng.TestRunner.privateRun(TestRunner.java:794)
at org.testng.TestRunner.run(TestRunner.java:596)
at org.testng.SuiteRunner.runTest(SuiteRunner.java:377)
at org.testng.SuiteRunner.access$000(SuiteRunner.java:28)
at org.testng.SuiteRunner$SuiteWorker.run(SuiteRunner.java:418)
at org.testng.internal.thread.ThreadUtil.lambda$execute$0(ThreadUtil.java:64)
at java.util.concurrent.FutureTask.run(FutureTask.java:266)
at java.util.concurrent.ThreadPoolExecutor.runWorker(ThreadPoolExecutor.java:1149)
at java.util.concurrent.ThreadPoolExecutor$Worker.run(ThreadPoolExecutor.java:624)
at java.lang.Thread.run(Thread.java:748)
]]>
    </error>
  </testcase> <!-- bClassMethod -->
  <system-out/>
  <testcase name="TestCase" time="0.000" classname="com.comcastSDETTest.CreateOrganizationTest">
    <skipped/>
  </testcase> <!-- TestCase -->
  <system-out/>
  <testcase name="bClassMethod" time="-1638784896.000" classname="com.comcastSDETTest.CreateOrganizationTest">
    <error type="org.testng.TestNGException" message="
Parameter &#039;BROWSER&#039; is required by BeforeClass on method bClassMethod but has not been marked @Optional or defined
in C:\Users\lenovo\Testyantra-workspace\com.crmSDET\Parallel.xml">
      <![CDATA[org.testng.TestNGException: 
Parameter 'BROWSER' is required by BeforeClass on method bClassMethod but has not been marked @Optional or defined
in C:\Users\lenovo\Testyantra-workspace\com.crmSDET\Parallel.xml
at org.testng.internal.Parameters.createParams(Parameters.java:270)
at org.testng.internal.Parameters.createParametersForMethod(Parameters.java:358)
at org.testng.internal.Parameters.createParameters(Parameters.java:700)
at org.testng.internal.Parameters.createConfigurationParameters(Parameters.java:168)
at org.testng.internal.ConfigInvoker.invokeConfigurations(ConfigInvoker.java:302)
at org.testng.internal.TestMethodWorker.invokeBeforeClassMethods(TestMethodWorker.java:176)
at org.testng.internal.TestMethodWorker.run(TestMethodWorker.java:122)
at java.util.ArrayList.forEach(ArrayList.java:1259)
at org.testng.TestRunner.privateRun(TestRunner.java:794)
at org.testng.TestRunner.run(TestRunner.java:596)
at org.testng.SuiteRunner.runTest(SuiteRunner.java:377)
at org.testng.SuiteRunner.access$000(SuiteRunner.java:28)
at org.testng.SuiteRunner$SuiteWorker.run(SuiteRunner.java:418)
at org.testng.internal.thread.ThreadUtil.lambda$execute$0(ThreadUtil.java:64)
at java.util.concurrent.FutureTask.run(FutureTask.java:266)
at java.util.concurrent.ThreadPoolExecutor.runWorker(ThreadPoolExecutor.java:1149)
at java.util.concurrent.ThreadPoolExecutor$Worker.run(ThreadPoolExecutor.java:624)
at java.lang.Thread.run(Thread.java:748)
]]>
    </error>
  </testcase> <!-- bClassMethod -->
  <system-out/>
  <testcase name="createOrgTypeIndustry" time="0.000" classname="com.comcastSDETTest.CreateOrganizationTest">
    <skipped/>
  </testcase> <!-- createOrgTypeIndustry -->
  <system-out/>
  <testcase name="createOrgTypeIndustry" time="0.000" classname="com.comcastSDETTest.CreateOrganizationTest">
    <skipped/>
  </testcase> <!-- createOrgTypeIndustry -->
  <system-out/>
  <testcase name="TestCase" time="0.000" classname="com.comcastSDETTest.CreateOrganizationTest">
    <skipped/>
  </testcase> <!-- TestCase -->
  <system-out/>
</testsuite> <!-- com.comcastSDETTest.CreateOrganizationTest -->
