<?xml version="1.0" encoding="UTF-8"?>
<testng-results skipped="0" failed="1" ignored="0" total="1" passed="0">
  <reporter-output>
  </reporter-output>
  <suite name="Default suite" duration-ms="30286" started-at="2021-12-07T19:56:04 IST" finished-at="2021-12-07T19:56:34 IST">
    <groups>
    </groups>
    <test name="Default test" duration-ms="30286" started-at="2021-12-07T19:56:04 IST" finished-at="2021-12-07T19:56:34 IST">
      <class name="com.comcastSDETTest.RetryAnaly">
        <test-method status="PASS" signature="bSMethod()[pri:0, instance:com.comcastSDETTest.RetryAnaly@2c039ac6]" name="bSMethod" is-config="true" duration-ms="16" started-at="2021-12-07T19:56:04 IST" finished-at="2021-12-07T19:56:04 IST">
          <reporter-output>
          </reporter-output>
        </test-method> <!-- bSMethod -->
        <test-method status="PASS" signature="bClassMethod()[pri:0, instance:com.comcastSDETTest.RetryAnaly@2c039ac6]" name="bClassMethod" is-config="true" duration-ms="8343" started-at="2021-12-07T19:56:04 IST" finished-at="2021-12-07T19:56:13 IST">
          <reporter-output>
          </reporter-output>
        </test-method> <!-- bClassMethod -->
        <test-method status="PASS" signature="bMethod()[pri:0, instance:com.comcastSDETTest.RetryAnaly@2c039ac6]" name="bMethod" is-config="true" duration-ms="6899" started-at="2021-12-07T19:56:13 IST" finished-at="2021-12-07T19:56:19 IST">
          <reporter-output>
          </reporter-output>
        </test-method> <!-- bMethod -->
        <test-method status="FAIL" signature="anylyse()[pri:0, instance:com.comcastSDETTest.RetryAnaly@2c039ac6]" name="anylyse" duration-ms="11237" started-at="2021-12-07T19:56:19 IST" finished-at="2021-12-07T19:56:31 IST">
          <exception class="java.lang.AssertionError">
            <message>
              <![CDATA[failed]]>
            </message>
            <full-stacktrace>
              <![CDATA[java.lang.AssertionError: failed
at org.testng.Assert.fail(Assert.java:99)
at com.comcastSDETTest.RetryAnaly.anylyse(RetryAnaly.java:23)
at sun.reflect.NativeMethodAccessorImpl.invoke0(Native Method)
at sun.reflect.NativeMethodAccessorImpl.invoke(NativeMethodAccessorImpl.java:62)
at sun.reflect.DelegatingMethodAccessorImpl.invoke(DelegatingMethodAccessorImpl.java:43)
at java.lang.reflect.Method.invoke(Method.java:498)
at org.testng.internal.MethodInvocationHelper.invokeMethod(MethodInvocationHelper.java:133)
at org.testng.internal.TestInvoker.invokeMethod(TestInvoker.java:598)
at org.testng.internal.TestInvoker.invokeTestMethod(TestInvoker.java:173)
at org.testng.internal.MethodRunner.runInSequence(MethodRunner.java:46)
at org.testng.internal.TestInvoker$MethodInvocationAgent.invoke(TestInvoker.java:824)
at org.testng.internal.TestInvoker.invokeTestMethods(TestInvoker.java:146)
at org.testng.internal.TestMethodWorker.invokeTestMethods(TestMethodWorker.java:146)
at org.testng.internal.TestMethodWorker.run(TestMethodWorker.java:128)
at java.util.ArrayList.forEach(ArrayList.java:1259)
at org.testng.TestRunner.privateRun(TestRunner.java:794)
at org.testng.TestRunner.run(TestRunner.java:596)
at org.testng.SuiteRunner.runTest(SuiteRunner.java:377)
at org.testng.SuiteRunner.runSequentially(SuiteRunner.java:371)
at org.testng.SuiteRunner.privateRun(SuiteRunner.java:332)
at org.testng.SuiteRunner.run(SuiteRunner.java:276)
at org.testng.SuiteRunnerWorker.runSuite(SuiteRunnerWorker.java:53)
at org.testng.SuiteRunnerWorker.run(SuiteRunnerWorker.java:96)
at org.testng.TestNG.runSuitesSequentially(TestNG.java:1212)
at org.testng.TestNG.runSuitesLocally(TestNG.java:1134)
at org.testng.TestNG.runSuites(TestNG.java:1063)
at org.testng.TestNG.run(TestNG.java:1031)
at org.testng.remote.AbstractRemoteTestNG.run(AbstractRemoteTestNG.java:115)
at org.testng.remote.RemoteTestNG.initAndRun(RemoteTestNG.java:251)
at org.testng.remote.RemoteTestNG.main(RemoteTestNG.java:77)
]]>
            </full-stacktrace>
          </exception> <!-- java.lang.AssertionError -->
          <reporter-output>
          </reporter-output>
        </test-method> <!-- anylyse -->
        <test-method status="PASS" signature="aMethod()[pri:0, instance:com.comcastSDETTest.RetryAnaly@2c039ac6]" name="aMethod" is-config="true" duration-ms="4" started-at="2021-12-07T19:56:31 IST" finished-at="2021-12-07T19:56:31 IST">
          <reporter-output>
          </reporter-output>
        </test-method> <!-- aMethod -->
        <test-method status="PASS" signature="aClass()[pri:0, instance:com.comcastSDETTest.RetryAnaly@2c039ac6]" name="aClass" is-config="true" duration-ms="3278" started-at="2021-12-07T19:56:31 IST" finished-at="2021-12-07T19:56:34 IST">
          <reporter-output>
          </reporter-output>
        </test-method> <!-- aClass -->
        <test-method status="PASS" signature="aSuite()[pri:0, instance:com.comcastSDETTest.RetryAnaly@2c039ac6]" name="aSuite" is-config="true" duration-ms="0" started-at="2021-12-07T19:56:35 IST" finished-at="2021-12-07T19:56:35 IST">
          <reporter-output>
          </reporter-output>
        </test-method> <!-- aSuite -->
      </class> <!-- com.comcastSDETTest.RetryAnaly -->
    </test> <!-- Default test -->
  </suite> <!-- Default suite -->
</testng-results>
