<?xml version="1.0" encoding="UTF-8"?>
<!-- Generated by org.testng.reporters.JUnitXMLReporter -->
<testsuite hostname="DESKTOP-13SH4JS" ignored="2" name="testRunner-2" tests="4" failures="0" timestamp="2021-12-06T15:32:16 IST" time="0.277" errors="0">
  <testcase name="@BeforeClass bClassMethod" time="-1.638784936492E9" classname="com.crm.comcastGenricUtility.BaseClass">
    <failure type="org.testng.TestNGException" message="
Parameter &amp;apos;BROWSER&amp;apos; is required by BeforeClass on method bClassMethod but has not been marked @Optional or defined
in C:\Users\lenovo\Testyantra-workspace\com.crmSDET\Parallel.xml">
      <![CDATA[org.testng.TestNGException: 
Parameter 'BROWSER' is required by BeforeClass on method bClassMethod but has not been marked @Optional or defined
in C:\Users\lenovo\Testyantra-workspace\com.crmSDET\Parallel.xml
at java.util.ArrayList.forEach(ArrayList.java:1259)
at java.util.concurrent.FutureTask.run(FutureTask.java:266)
at java.util.concurrent.ThreadPoolExecutor.runWorker(ThreadPoolExecutor.java:1149)
at java.util.concurrent.ThreadPoolExecutor$Worker.run(ThreadPoolExecutor.java:624)
at java.lang.Thread.run(Thread.java:748)
... Removed 13 stack frames]]>
    </failure>
  </testcase> <!-- @BeforeClass bClassMethod -->
  <testcase name="@BeforeMethod bMethod" time="-1.638784936543E9" classname="com.crm.comcastGenricUtility.BaseClass">
    <skipped/>
  </testcase> <!-- @BeforeMethod bMethod -->
  <testcase name="@AfterMethod aMethod" time="-1.638784936563E9" classname="com.crm.comcastGenricUtility.BaseClass">
    <skipped/>
  </testcase> <!-- @AfterMethod aMethod -->
  <testcase name="@BeforeMethod bMethod" time="-1.638784936581E9" classname="com.crm.comcastGenricUtility.BaseClass">
    <skipped/>
  </testcase> <!-- @BeforeMethod bMethod -->
  <testcase name="@AfterMethod aMethod" time="-1.638784936599E9" classname="com.crm.comcastGenricUtility.BaseClass">
    <skipped/>
  </testcase> <!-- @AfterMethod aMethod -->
  <testcase name="@AfterClass aClass" time="-1.638784936605E9" classname="com.crm.comcastGenricUtility.BaseClass">
    <skipped/>
  </testcase> <!-- @AfterClass aClass -->
  <testcase name="@BeforeClass bClassMethod" time="-1.638784936615E9" classname="com.crm.comcastGenricUtility.BaseClass">
    <failure type="org.testng.TestNGException" message="
Parameter &amp;apos;BROWSER&amp;apos; is required by BeforeClass on method bClassMethod but has not been marked @Optional or defined
in C:\Users\lenovo\Testyantra-workspace\com.crmSDET\Parallel.xml">
      <![CDATA[org.testng.TestNGException: 
Parameter 'BROWSER' is required by BeforeClass on method bClassMethod but has not been marked @Optional or defined
in C:\Users\lenovo\Testyantra-workspace\com.crmSDET\Parallel.xml
at java.util.ArrayList.forEach(ArrayList.java:1259)
at java.util.concurrent.FutureTask.run(FutureTask.java:266)
at java.util.concurrent.ThreadPoolExecutor.runWorker(ThreadPoolExecutor.java:1149)
at java.util.concurrent.ThreadPoolExecutor$Worker.run(ThreadPoolExecutor.java:624)
at java.lang.Thread.run(Thread.java:748)
... Removed 13 stack frames]]>
    </failure>
  </testcase> <!-- @BeforeClass bClassMethod -->
  <testcase name="@BeforeMethod bMethod" time="-1.638784936669E9" classname="com.crm.comcastGenricUtility.BaseClass">
    <skipped/>
  </testcase> <!-- @BeforeMethod bMethod -->
  <testcase name="@AfterMethod aMethod" time="-1.638784936696E9" classname="com.crm.comcastGenricUtility.BaseClass">
    <skipped/>
  </testcase> <!-- @AfterMethod aMethod -->
  <testcase name="@BeforeMethod bMethod" time="-1.638784936703E9" classname="com.crm.comcastGenricUtility.BaseClass">
    <skipped/>
  </testcase> <!-- @BeforeMethod bMethod -->
  <testcase name="@AfterMethod aMethod" time="-1.638784936718E9" classname="com.crm.comcastGenricUtility.BaseClass">
    <skipped/>
  </testcase> <!-- @AfterMethod aMethod -->
  <testcase name="@AfterClass aClass" time="-1.638784936725E9" classname="com.crm.comcastGenricUtility.BaseClass">
    <skipped/>
  </testcase> <!-- @AfterClass aClass -->
  <testcase name="TestCase" time="0.0" classname="com.comcastSDETTest.CreateOrganizationTest">
    <skipped/>
  </testcase> <!-- TestCase -->
  <testcase name="createOrgTypeIndustry" time="0.0" classname="com.comcastSDETTest.CreateOrganizationTest">
    <skipped/>
  </testcase> <!-- createOrgTypeIndustry -->
  <testcase name="createContact" time="0.0" classname="com.comcastSDETTest.CreateContactTest">
    <skipped/>
  </testcase> <!-- createContact -->
  <testcase name="multipleTest" time="0.0" classname="com.comcastSDETTest.CreateContactTest">
    <skipped/>
  </testcase> <!-- multipleTest -->
  <testcase name="@BeforeSuite bSMethod" time="0.0" classname="com.crm.comcastGenricUtility.BaseClass">
    <ignored/>
  </testcase> <!-- @BeforeSuite bSMethod -->
  <testcase name="@AfterSuite aSuite" time="0.0" classname="com.crm.comcastGenricUtility.BaseClass">
    <ignored/>
  </testcase> <!-- @AfterSuite aSuite -->
</testsuite> <!-- testRunner-2 -->
